<?xml version="1.0" encoding="UTF-8"?>
<testng-results skipped="0" failed="0" total="6" passed="6">
  <reporter-output>
  </reporter-output>
  <suite name="Default suite" duration-ms="34258" started-at="2015-01-23T07:16:10Z" finished-at="2015-01-23T07:16:44Z">
    <groups>
    </groups>
    <test name="Default test" duration-ms="34258" started-at="2015-01-23T07:16:10Z" finished-at="2015-01-23T07:16:44Z">
      <class name="com.example.tests.ContactCreationTests">
        <test-method status="PASS" signature="testEmptyContactCreation()[pri:0, instance:com.example.tests.ContactCreationTests@483bf400]" name="testEmptyContactCreation" duration-ms="4559" started-at="2015-01-23T02:16:28Z" finished-at="2015-01-23T02:16:32Z">
          <reporter-output>
          </reporter-output>
        </test-method> <!-- testEmptyContactCreation -->
        <test-method status="PASS" signature="testNonEmptyContactCreation()[pri:0, instance:com.example.tests.ContactCreationTests@483bf400]" name="testNonEmptyContactCreation" duration-ms="5796" started-at="2015-01-23T02:16:32Z" finished-at="2015-01-23T02:16:38Z">
          <reporter-output>
          </reporter-output>
        </test-method> <!-- testNonEmptyContactCreation -->
      </class> <!-- com.example.tests.ContactCreationTests -->
      <class name="com.example.tests.TestBase">
        <test-method status="PASS" signature="setUp()[pri:0, instance:com.example.tests.TestBase@50cbc42f]" name="setUp" is-config="true" duration-ms="11465" started-at="2015-01-23T02:16:10Z" finished-at="2015-01-23T02:16:22Z">
          <reporter-output>
          </reporter-output>
        </test-method> <!-- setUp -->
        <test-method status="PASS" signature="tearDown()[pri:0, instance:com.example.tests.TestBase@50cbc42f]" name="tearDown" is-config="true" duration-ms="415" started-at="2015-01-23T02:16:44Z" finished-at="2015-01-23T02:16:44Z">
          <reporter-output>
          </reporter-output>
        </test-method> <!-- tearDown -->
      </class> <!-- com.example.tests.TestBase -->
      <class name="com.example.tests.AlsoGroupCreationTests">
        <test-method status="PASS" signature="testEmptyGroupCreation()[pri:0, instance:com.example.tests.AlsoGroupCreationTests@3ecf72fd]" name="testEmptyGroupCreation" duration-ms="2873" started-at="2015-01-23T02:16:38Z" finished-at="2015-01-23T02:16:41Z">
          <reporter-output>
          </reporter-output>
        </test-method> <!-- testEmptyGroupCreation -->
        <test-method status="PASS" signature="testNonEmptyGroupCreation()[pri:0, instance:com.example.tests.AlsoGroupCreationTests@3ecf72fd]" name="testNonEmptyGroupCreation" duration-ms="2826" started-at="2015-01-23T02:16:41Z" finished-at="2015-01-23T02:16:44Z">
          <reporter-output>
          </reporter-output>
        </test-method> <!-- testNonEmptyGroupCreation -->
      </class> <!-- com.example.tests.AlsoGroupCreationTests -->
      <class name="com.example.tests.GroupCreationTests">
        <test-method status="PASS" signature="testEmptyGroupCreation()[pri:0, instance:com.example.tests.GroupCreationTests@64c64813]" name="testEmptyGroupCreation" duration-ms="3109" started-at="2015-01-23T02:16:22Z" finished-at="2015-01-23T02:16:25Z">
          <reporter-output>
          </reporter-output>
        </test-method> <!-- testEmptyGroupCreation -->
        <test-method status="PASS" signature="testNonEmptyGroupCreation()[pri:0, instance:com.example.tests.GroupCreationTests@64c64813]" name="testNonEmptyGroupCreation" duration-ms="3157" started-at="2015-01-23T02:16:25Z" finished-at="2015-01-23T02:16:28Z">
          <reporter-output>
          </reporter-output>
        </test-method> <!-- testNonEmptyGroupCreation -->
      </class> <!-- com.example.tests.GroupCreationTests -->
    </test> <!-- Default test -->
  </suite> <!-- Default suite -->
</testng-results>
