<?xml version="1.0" encoding="UTF-8"?>
<testng-results skipped="0" failed="0" total="4" passed="4">
  <reporter-output>
  </reporter-output>
  <suite name="Default suite" duration-ms="16317" started-at="2014-12-25T20:33:28Z" finished-at="2014-12-25T20:33:45Z">
    <groups>
    </groups>
    <test name="Default test" duration-ms="16317" started-at="2014-12-25T20:33:28Z" finished-at="2014-12-25T20:33:45Z">
      <class name="com.example.tests.AlsoGroupCreationTests">
        <test-method status="PASS" signature="testEmptyGroupCreation()[pri:0, instance:com.example.tests.AlsoGroupCreationTests@f5f2bb7]" name="testEmptyGroupCreation" duration-ms="1627" started-at="2014-12-25T15:33:41Z" finished-at="2014-12-25T15:33:43Z">
          <reporter-output>
          </reporter-output>
        </test-method> <!-- testEmptyGroupCreation -->
        <test-method status="PASS" signature="testNonEmptyGroupCreation()[pri:0, instance:com.example.tests.AlsoGroupCreationTests@f5f2bb7]" name="testNonEmptyGroupCreation" duration-ms="1662" started-at="2014-12-25T15:33:43Z" finished-at="2014-12-25T15:33:44Z">
          <reporter-output>
          </reporter-output>
        </test-method> <!-- testNonEmptyGroupCreation -->
      </class> <!-- com.example.tests.AlsoGroupCreationTests -->
      <class name="com.example.tests.GroupCreationTests">
        <test-method status="PASS" signature="setUp()[pri:0, instance:com.example.tests.GroupCreationTests@47d384ee]" name="setUp" is-config="true" duration-ms="8376" started-at="2014-12-25T15:33:28Z" finished-at="2014-12-25T15:33:37Z">
          <reporter-output>
          </reporter-output>
        </test-method> <!-- setUp -->
        <test-method status="PASS" signature="testEmptyGroupCreation()[pri:0, instance:com.example.tests.GroupCreationTests@47d384ee]" name="testEmptyGroupCreation" duration-ms="2061" started-at="2014-12-25T15:33:37Z" finished-at="2014-12-25T15:33:39Z">
          <reporter-output>
          </reporter-output>
        </test-method> <!-- testEmptyGroupCreation -->
        <test-method status="PASS" signature="testNonEmptyGroupCreation()[pri:0, instance:com.example.tests.GroupCreationTests@47d384ee]" name="testNonEmptyGroupCreation" duration-ms="2222" started-at="2014-12-25T15:33:39Z" finished-at="2014-12-25T15:33:41Z">
          <reporter-output>
          </reporter-output>
        </test-method> <!-- testNonEmptyGroupCreation -->
        <test-method status="PASS" signature="tearDown()[pri:0, instance:com.example.tests.GroupCreationTests@47d384ee]" name="tearDown" is-config="true" duration-ms="334" started-at="2014-12-25T15:33:44Z" finished-at="2014-12-25T15:33:45Z">
          <reporter-output>
          </reporter-output>
        </test-method> <!-- tearDown -->
      </class> <!-- com.example.tests.GroupCreationTests -->
    </test> <!-- Default test -->
  </suite> <!-- Default suite -->
</testng-results>
