<?xml version="1.0" encoding="UTF-8"?>
<!-- Generated by org.testng.reporters.JUnitXMLReporter -->
<testsuite hostname="Larissa-PC" name="Default test" tests="6" failures="0" timestamp="23 Jan 2015 07:16:44 GMT" time="34.258" errors="0">
  <testcase name="testEmptyGroupCreation" time="3.109" classname="com.example.tests.GroupCreationTests"/>
  <testcase name="testNonEmptyGroupCreation" time="3.157" classname="com.example.tests.GroupCreationTests"/>
  <testcase name="testEmptyContactCreation" time="4.559" classname="com.example.tests.ContactCreationTests"/>
  <testcase name="testNonEmptyContactCreation" time="5.796" classname="com.example.tests.ContactCreationTests"/>
  <testcase name="testEmptyGroupCreation" time="2.873" classname="com.example.tests.AlsoGroupCreationTests"/>
  <testcase name="testNonEmptyGroupCreation" time="2.826" classname="com.example.tests.AlsoGroupCreationTests"/>
</testsuite> <!-- Default test -->
