<?xml version="1.0" encoding="UTF-8"?>
<!-- Generated by org.testng.reporters.JUnitXMLReporter -->
<testsuite hostname="Larissa-PC" name="Default test" tests="4" failures="0" timestamp="25 Dec 2014 20:33:45 GMT" time="16.317" errors="0">
  <testcase name="testEmptyGroupCreation" time="2.061" classname="com.example.tests.GroupCreationTests"/>
  <testcase name="testNonEmptyGroupCreation" time="2.222" classname="com.example.tests.GroupCreationTests"/>
  <testcase name="testEmptyGroupCreation" time="1.627" classname="com.example.tests.AlsoGroupCreationTests"/>
  <testcase name="testNonEmptyGroupCreation" time="1.662" classname="com.example.tests.AlsoGroupCreationTests"/>
</testsuite> <!-- Default test -->
